17/03/2025 15:37:12.114 [[32minfo[39m]: request test successfully
17/03/2025 15:37:33.151 [[32minfo[39m]: request test successfully
19/03/2025 13:13:07.388 [[32minfo[39m]: create acess successfully
19/03/2025 13:17:14.098 [[32minfo[39m]: create acess successfully
19/03/2025 13:20:21.115 [[32minfo[39m]: found multiple acess successfully
19/03/2025 13:21:14.623 [[32minfo[39m]: found multiple acess successfully
19/03/2025 13:22:10.866 [[32minfo[39m]: found multiple acess successfully
19/03/2025 13:22:42.390 [[32minfo[39m]: create acess successfully
19/03/2025 13:22:45.674 [[32minfo[39m]: found multiple acess successfully
19/03/2025 13:25:50.700 [[32minfo[39m]: found multiple acess successfully
19/03/2025 13:26:29.334 [[32minfo[39m]: create acess successfully
19/03/2025 13:26:37.485 [[32minfo[39m]: found multiple acess successfully
19/03/2025 13:27:15.530 [[32minfo[39m]: found multiple acess successfully
19/03/2025 13:27:28.524 [[32minfo[39m]: create acess successfully
19/03/2025 13:27:32.052 [[32minfo[39m]: found multiple acess successfully
19/03/2025 13:27:45.391 [[32minfo[39m]: found multiple acess successfully
19/03/2025 13:28:43.126 [[32minfo[39m]: found multiple acess successfully
19/03/2025 13:29:11.274 [[32minfo[39m]: found multiple acess successfully
19/03/2025 13:29:32.575 [[32minfo[39m]: found acess successfully
19/03/2025 13:30:47.477 [[32minfo[39m]: found acess successfully
19/03/2025 13:35:17.634 [[32minfo[39m]: create acess successfully
19/03/2025 13:36:05.922 [[32minfo[39m]: found multiple acess successfully
19/03/2025 13:36:14.452 [[32minfo[39m]: found acess successfully
19/03/2025 13:36:24.920 [[32minfo[39m]: found acess successfully
19/03/2025 13:38:33.498 [[32minfo[39m]: create acess successfully
19/03/2025 13:39:05.789 [[32minfo[39m]: found acess successfully
19/03/2025 13:39:15.516 [[32minfo[39m]: found multiple acess successfully
19/03/2025 13:40:14.243 [[32minfo[39m]: create acess successfully
19/03/2025 13:40:20.129 [[32minfo[39m]: found multiple acess successfully
19/03/2025 13:40:53.817 [[32minfo[39m]: found multiple acess successfully
19/03/2025 13:41:16.712 [[32minfo[39m]: found multiple acess successfully
19/03/2025 13:41:32.937 [[32minfo[39m]: create acess successfully
19/03/2025 13:41:39.620 [[32minfo[39m]: found multiple acess successfully
19/03/2025 13:42:36.810 [[32minfo[39m]: update acess successfully
19/03/2025 13:42:45.312 [[32minfo[39m]: found multiple acess successfully
19/03/2025 13:44:38.860 [[32minfo[39m]: create acess successfully
19/03/2025 13:46:01.522 [[32minfo[39m]: create acess successfully
19/03/2025 13:46:29.155 [[32minfo[39m]: update acess successfully
19/03/2025 13:48:30.662 [[32minfo[39m]: update acess successfully
19/03/2025 13:48:45.003 [[32minfo[39m]: update acess successfully
19/03/2025 13:49:32.472 [[32minfo[39m]: update acess successfully
19/03/2025 13:50:08.570 [[32minfo[39m]: update acess successfully
19/03/2025 14:03:28.734 [[32minfo[39m]: found multiple acess successfully
19/03/2025 14:36:13.979 [[32minfo[39m]: create acess successfully
